{"C:\\Users\\894792\\first-react-app\\src\\App.js": {"path":"C:\\Users\\894792\\first-react-app\\src\\App.js","statementMap":{"0":{"start":{"line":10,"column":2},"end":{"line":22,"column":4}}},"fnMap":{"0":{"name":"App","decl":{"start":{"line":9,"column":9},"end":{"line":9,"column":12}},"loc":{"start":{"line":9,"column":15},"end":{"line":23,"column":1}},"line":9}},"branchMap":{},"s":{"0":0},"f":{"0":0},"b":{}}
,"C:\\Users\\894792\\first-react-app\\src\\Deposit.js": {"path":"C:\\Users\\894792\\first-react-app\\src\\Deposit.js","statementMap":{"0":{"start":{"line":9,"column":22},"end":{"line":172,"column":1}},"1":{"start":{"line":10,"column":32},"end":{"line":10,"column":44}},"2":{"start":{"line":11,"column":38},"end":{"line":11,"column":50}},"3":{"start":{"line":12,"column":46},"end":{"line":16,"column":4}},"4":{"start":{"line":18,"column":28},"end":{"line":20,"column":3}},"5":{"start":{"line":19,"column":15},"end":{"line":19,"column":48}},"6":{"start":{"line":25,"column":42},"end":{"line":27,"column":4}},"7":{"start":{"line":29,"column":30},"end":{"line":29,"column":42}},"8":{"start":{"line":30,"column":42},"end":{"line":30,"column":54}},"9":{"start":{"line":32,"column":2},"end":{"line":32,"column":54}},"10":{"start":{"line":34,"column":19},"end":{"line":34,"column":42}},"11":{"start":{"line":35,"column":2},"end":{"line":35,"column":36}},"12":{"start":{"line":37,"column":19},"end":{"line":37,"column":32}},"13":{"start":{"line":50,"column":20},"end":{"line":58,"column":3}},"14":{"start":{"line":51,"column":4},"end":{"line":53,"column":41}},"15":{"start":{"line":52,"column":22},"end":{"line":52,"column":33}},"16":{"start":{"line":53,"column":21},"end":{"line":53,"column":39}},"17":{"start":{"line":55,"column":23},"end":{"line":55,"column":67}},"18":{"start":{"line":56,"column":4},"end":{"line":56,"column":54}},"19":{"start":{"line":57,"column":4},"end":{"line":57,"column":69}},"20":{"start":{"line":60,"column":2},"end":{"line":60,"column":68}},"21":{"start":{"line":62,"column":30},"end":{"line":64,"column":3}},"22":{"start":{"line":63,"column":4},"end":{"line":63,"column":42}},"23":{"start":{"line":66,"column":2},"end":{"line":68,"column":15}},"24":{"start":{"line":67,"column":4},"end":{"line":67,"column":16}},"25":{"start":{"line":70,"column":2},"end":{"line":70,"column":32}},"26":{"start":{"line":71,"column":23},"end":{"line":111,"column":3}},"27":{"start":{"line":72,"column":4},"end":{"line":72,"column":23}},"28":{"start":{"line":74,"column":27},"end":{"line":74,"column":29}},"29":{"start":{"line":76,"column":4},"end":{"line":80,"column":5}},"30":{"start":{"line":77,"column":6},"end":{"line":77,"column":62}},"31":{"start":{"line":78,"column":11},"end":{"line":80,"column":5}},"32":{"start":{"line":79,"column":6},"end":{"line":79,"column":71}},"33":{"start":{"line":82,"column":4},"end":{"line":84,"column":5}},"34":{"start":{"line":83,"column":6},"end":{"line":83,"column":57}},"35":{"start":{"line":86,"column":4},"end":{"line":86,"column":36}},"36":{"start":{"line":91,"column":4},"end":{"line":110,"column":5}},"37":{"start":{"line":92,"column":6},"end":{"line":107,"column":11}},"38":{"start":{"line":98,"column":24},"end":{"line":98,"column":35}},"39":{"start":{"line":100,"column":10},"end":{"line":100,"column":49}},"40":{"start":{"line":101,"column":10},"end":{"line":101,"column":44}},"41":{"start":{"line":102,"column":10},"end":{"line":102,"column":50}},"42":{"start":{"line":103,"column":10},"end":{"line":103,"column":63}},"43":{"start":{"line":106,"column":10},"end":{"line":106,"column":53}},"44":{"start":{"line":108,"column":6},"end":{"line":108,"column":31}},"45":{"start":{"line":109,"column":6},"end":{"line":109,"column":20}},"46":{"start":{"line":113,"column":2},"end":{"line":171,"column":4}},"47":{"start":{"line":126,"column":16},"end":{"line":126,"column":43}},"48":{"start":{"line":130,"column":16},"end":{"line":132,"column":25}}},"fnMap":{"0":{"name":"(anonymous_0)","decl":{"start":{"line":9,"column":22},"end":{"line":9,"column":23}},"loc":{"start":{"line":9,"column":28},"end":{"line":172,"column":1}},"line":9},"1":{"name":"(anonymous_1)","decl":{"start":{"line":19,"column":4},"end":{"line":19,"column":5}},"loc":{"start":{"line":19,"column":15},"end":{"line":19,"column":48}},"line":19},"2":{"name":"(anonymous_2)","decl":{"start":{"line":50,"column":20},"end":{"line":50,"column":21}},"loc":{"start":{"line":50,"column":26},"end":{"line":58,"column":3}},"line":50},"3":{"name":"(anonymous_3)","decl":{"start":{"line":52,"column":12},"end":{"line":52,"column":13}},"loc":{"start":{"line":52,"column":22},"end":{"line":52,"column":33}},"line":52},"4":{"name":"(anonymous_4)","decl":{"start":{"line":53,"column":12},"end":{"line":53,"column":13}},"loc":{"start":{"line":53,"column":21},"end":{"line":53,"column":39}},"line":53},"5":{"name":"(anonymous_5)","decl":{"start":{"line":62,"column":30},"end":{"line":62,"column":31}},"loc":{"start":{"line":62,"column":37},"end":{"line":64,"column":3}},"line":62},"6":{"name":"(anonymous_6)","decl":{"start":{"line":66,"column":12},"end":{"line":66,"column":13}},"loc":{"start":{"line":66,"column":18},"end":{"line":68,"column":3}},"line":66},"7":{"name":"(anonymous_7)","decl":{"start":{"line":71,"column":23},"end":{"line":71,"column":24}},"loc":{"start":{"line":71,"column":30},"end":{"line":111,"column":3}},"line":71},"8":{"name":"(anonymous_8)","decl":{"start":{"line":98,"column":14},"end":{"line":98,"column":15}},"loc":{"start":{"line":98,"column":24},"end":{"line":98,"column":35}},"line":98},"9":{"name":"(anonymous_9)","decl":{"start":{"line":99,"column":14},"end":{"line":99,"column":15}},"loc":{"start":{"line":99,"column":24},"end":{"line":104,"column":9}},"line":99},"10":{"name":"(anonymous_10)","decl":{"start":{"line":105,"column":15},"end":{"line":105,"column":16}},"loc":{"start":{"line":105,"column":24},"end":{"line":107,"column":9}},"line":105},"11":{"name":"(anonymous_11)","decl":{"start":{"line":125,"column":24},"end":{"line":125,"column":25}},"loc":{"start":{"line":125,"column":31},"end":{"line":127,"column":15}},"line":125},"12":{"name":"(anonymous_12)","decl":{"start":{"line":129,"column":34},"end":{"line":129,"column":35}},"loc":{"start":{"line":130,"column":16},"end":{"line":132,"column":25}},"line":130}},"branchMap":{"0":{"loc":{"start":{"line":76,"column":4},"end":{"line":80,"column":5}},"type":"if","locations":[{"start":{"line":76,"column":4},"end":{"line":80,"column":5}},{"start":{"line":78,"column":11},"end":{"line":80,"column":5}}],"line":76},"1":{"loc":{"start":{"line":78,"column":11},"end":{"line":80,"column":5}},"type":"if","locations":[{"start":{"line":78,"column":11},"end":{"line":80,"column":5}},{"start":{},"end":{}}],"line":78},"2":{"loc":{"start":{"line":82,"column":4},"end":{"line":84,"column":5}},"type":"if","locations":[{"start":{"line":82,"column":4},"end":{"line":84,"column":5}},{"start":{},"end":{}}],"line":82},"3":{"loc":{"start":{"line":91,"column":4},"end":{"line":110,"column":5}},"type":"if","locations":[{"start":{"line":91,"column":4},"end":{"line":110,"column":5}},{"start":{},"end":{}}],"line":91},"4":{"loc":{"start":{"line":135,"column":13},"end":{"line":137,"column":13}},"type":"binary-expr","locations":[{"start":{"line":135,"column":13},"end":{"line":135,"column":33}},{"start":{"line":136,"column":14},"end":{"line":136,"column":74}}],"line":135},"5":{"loc":{"start":{"line":150,"column":13},"end":{"line":152,"column":13}},"type":"binary-expr","locations":[{"start":{"line":150,"column":13},"end":{"line":150,"column":32}},{"start":{"line":151,"column":14},"end":{"line":151,"column":73}}],"line":150}},"s":{"0":3,"1":5,"2":5,"3":5,"4":5,"5":0,"6":5,"7":5,"8":5,"9":5,"10":5,"11":5,"12":5,"13":5,"14":2,"15":0,"16":0,"17":2,"18":2,"19":2,"20":5,"21":5,"22":0,"23":5,"24":2,"25":5,"26":5,"27":1,"28":1,"29":1,"30":1,"31":0,"32":0,"33":1,"34":1,"35":1,"36":1,"37":0,"38":0,"39":0,"40":0,"41":0,"42":0,"43":0,"44":0,"45":0,"46":5,"47":0,"48":15},"f":{"0":5,"1":0,"2":2,"3":0,"4":0,"5":0,"6":2,"7":1,"8":0,"9":0,"10":0,"11":0,"12":15},"b":{"0":[1,0],"1":[0,0],"2":[1,0],"3":[0,1],"4":[5,1],"5":[5,1]},"_coverageSchema":"1a1c01bbd47fc00a2c39e90264f33305004495a9","hash":"ad39f5e8a6501497cd36be6adbefdc7d47514ef8"}
,"C:\\Users\\894792\\first-react-app\\src\\Home.js": {"path":"C:\\Users\\894792\\first-react-app\\src\\Home.js","statementMap":{"0":{"start":{"line":10,"column":13},"end":{"line":56,"column":1}},"1":{"start":{"line":11,"column":19},"end":{"line":11,"column":32}},"2":{"start":{"line":13,"column":21},"end":{"line":13,"column":78}},"3":{"start":{"line":13,"column":44},"end":{"line":13,"column":77}},"4":{"start":{"line":15,"column":2},"end":{"line":20,"column":9}},"5":{"start":{"line":16,"column":22},"end":{"line":16,"column":56}},"6":{"start":{"line":17,"column":4},"end":{"line":19,"column":5}},"7":{"start":{"line":18,"column":6},"end":{"line":18,"column":20}},"8":{"start":{"line":21,"column":2},"end":{"line":21,"column":52}},"9":{"start":{"line":23,"column":2},"end":{"line":55,"column":4}}},"fnMap":{"0":{"name":"(anonymous_0)","decl":{"start":{"line":10,"column":13},"end":{"line":10,"column":14}},"loc":{"start":{"line":10,"column":19},"end":{"line":56,"column":1}},"line":10},"1":{"name":"(anonymous_1)","decl":{"start":{"line":13,"column":33},"end":{"line":13,"column":34}},"loc":{"start":{"line":13,"column":44},"end":{"line":13,"column":77}},"line":13},"2":{"name":"(anonymous_2)","decl":{"start":{"line":15,"column":12},"end":{"line":15,"column":13}},"loc":{"start":{"line":15,"column":18},"end":{"line":20,"column":3}},"line":15}},"branchMap":{"0":{"loc":{"start":{"line":17,"column":4},"end":{"line":19,"column":5}},"type":"if","locations":[{"start":{"line":17,"column":4},"end":{"line":19,"column":5}},{"start":{},"end":{}}],"line":17},"1":{"loc":{"start":{"line":17,"column":8},"end":{"line":17,"column":50}},"type":"binary-expr","locations":[{"start":{"line":17,"column":8},"end":{"line":17,"column":26}},{"start":{"line":17,"column":30},"end":{"line":17,"column":50}}],"line":17},"2":{"loc":{"start":{"line":25,"column":7},"end":{"line":53,"column":7}},"type":"binary-expr","locations":[{"start":{"line":25,"column":7},"end":{"line":25,"column":17}},{"start":{"line":26,"column":8},"end":{"line":52,"column":14}}],"line":25}},"s":{"0":3,"1":18,"2":18,"3":0,"4":18,"5":7,"6":7,"7":7,"8":18,"9":18},"f":{"0":18,"1":0,"2":7},"b":{"0":[7,0],"1":[7,7],"2":[18,18]},"_coverageSchema":"1a1c01bbd47fc00a2c39e90264f33305004495a9","hash":"de7b03b08b60d1d8c9fd197c037b0cf179a50666"}
,"C:\\Users\\894792\\first-react-app\\src\\Login.js": {"path":"C:\\Users\\894792\\first-react-app\\src\\Login.js","statementMap":{"0":{"start":{"line":14,"column":14},"end":{"line":147,"column":1}},"1":{"start":{"line":15,"column":34},"end":{"line":15,"column":46}},"2":{"start":{"line":16,"column":34},"end":{"line":16,"column":46}},"3":{"start":{"line":17,"column":40},"end":{"line":17,"column":52}},"4":{"start":{"line":19,"column":19},"end":{"line":19,"column":32}},"5":{"start":{"line":20,"column":19},"end":{"line":20,"column":32}},"6":{"start":{"line":22,"column":2},"end":{"line":26,"column":9}},"7":{"start":{"line":23,"column":4},"end":{"line":23,"column":27}},"8":{"start":{"line":24,"column":4},"end":{"line":24,"column":39}},"9":{"start":{"line":25,"column":4},"end":{"line":25,"column":18}},"10":{"start":{"line":27,"column":20},"end":{"line":27,"column":65}},"11":{"start":{"line":27,"column":43},"end":{"line":27,"column":64}},"12":{"start":{"line":28,"column":2},"end":{"line":28,"column":47}},"13":{"start":{"line":29,"column":2},"end":{"line":29,"column":53}},"14":{"start":{"line":30,"column":2},"end":{"line":30,"column":58}},"15":{"start":{"line":31,"column":23},"end":{"line":53,"column":3}},"16":{"start":{"line":32,"column":4},"end":{"line":32,"column":23}},"17":{"start":{"line":33,"column":4},"end":{"line":52,"column":5}},"18":{"start":{"line":37,"column":27},"end":{"line":39,"column":7}},"19":{"start":{"line":38,"column":15},"end":{"line":38,"column":65}},"20":{"start":{"line":40,"column":6},"end":{"line":40,"column":42}},"21":{"start":{"line":41,"column":6},"end":{"line":41,"column":49}},"22":{"start":{"line":42,"column":30},"end":{"line":42,"column":74}},"23":{"start":{"line":43,"column":6},"end":{"line":51,"column":7}},"24":{"start":{"line":44,"column":8},"end":{"line":44,"column":50}},"25":{"start":{"line":45,"column":8},"end":{"line":45,"column":48}},"26":{"start":{"line":46,"column":8},"end":{"line":46,"column":53}},"27":{"start":{"line":47,"column":8},"end":{"line":47,"column":26}},"28":{"start":{"line":49,"column":8},"end":{"line":49,"column":42}},"29":{"start":{"line":50,"column":8},"end":{"line":50,"column":55}},"30":{"start":{"line":55,"column":19},"end":{"line":76,"column":3}},"31":{"start":{"line":56,"column":17},"end":{"line":56,"column":21}},"32":{"start":{"line":57,"column":4},"end":{"line":60,"column":5}},"33":{"start":{"line":58,"column":6},"end":{"line":58,"column":21}},"34":{"start":{"line":59,"column":6},"end":{"line":59,"column":46}},"35":{"start":{"line":61,"column":4},"end":{"line":64,"column":5}},"36":{"start":{"line":62,"column":6},"end":{"line":62,"column":21}},"37":{"start":{"line":63,"column":6},"end":{"line":63,"column":46}},"38":{"start":{"line":65,"column":27},"end":{"line":65,"column":76}},"39":{"start":{"line":65,"column":52},"end":{"line":65,"column":75}},"40":{"start":{"line":66,"column":4},"end":{"line":69,"column":5}},"41":{"start":{"line":67,"column":6},"end":{"line":67,"column":21}},"42":{"start":{"line":68,"column":6},"end":{"line":68,"column":52}},"43":{"start":{"line":70,"column":27},"end":{"line":70,"column":76}},"44":{"start":{"line":70,"column":52},"end":{"line":70,"column":75}},"45":{"start":{"line":71,"column":4},"end":{"line":74,"column":5}},"46":{"start":{"line":72,"column":6},"end":{"line":72,"column":21}},"47":{"start":{"line":73,"column":6},"end":{"line":73,"column":54}},"48":{"start":{"line":75,"column":4},"end":{"line":75,"column":18}},"49":{"start":{"line":77,"column":2},"end":{"line":146,"column":4}},"50":{"start":{"line":91,"column":33},"end":{"line":91,"column":60}},"51":{"start":{"line":102,"column":33},"end":{"line":102,"column":60}}},"fnMap":{"0":{"name":"(anonymous_0)","decl":{"start":{"line":14,"column":14},"end":{"line":14,"column":15}},"loc":{"start":{"line":14,"column":20},"end":{"line":147,"column":1}},"line":14},"1":{"name":"(anonymous_1)","decl":{"start":{"line":22,"column":12},"end":{"line":22,"column":13}},"loc":{"start":{"line":22,"column":18},"end":{"line":26,"column":3}},"line":22},"2":{"name":"(anonymous_2)","decl":{"start":{"line":27,"column":32},"end":{"line":27,"column":33}},"loc":{"start":{"line":27,"column":43},"end":{"line":27,"column":64}},"line":27},"3":{"name":"(anonymous_3)","decl":{"start":{"line":31,"column":23},"end":{"line":31,"column":24}},"loc":{"start":{"line":31,"column":30},"end":{"line":53,"column":3}},"line":31},"4":{"name":"(anonymous_4)","decl":{"start":{"line":38,"column":8},"end":{"line":38,"column":9}},"loc":{"start":{"line":38,"column":15},"end":{"line":38,"column":65}},"line":38},"5":{"name":"(anonymous_5)","decl":{"start":{"line":55,"column":19},"end":{"line":55,"column":20}},"loc":{"start":{"line":55,"column":25},"end":{"line":76,"column":3}},"line":55},"6":{"name":"(anonymous_6)","decl":{"start":{"line":65,"column":45},"end":{"line":65,"column":46}},"loc":{"start":{"line":65,"column":52},"end":{"line":65,"column":75}},"line":65},"7":{"name":"(anonymous_7)","decl":{"start":{"line":70,"column":45},"end":{"line":70,"column":46}},"loc":{"start":{"line":70,"column":52},"end":{"line":70,"column":75}},"line":70},"8":{"name":"(anonymous_8)","decl":{"start":{"line":91,"column":26},"end":{"line":91,"column":27}},"loc":{"start":{"line":91,"column":33},"end":{"line":91,"column":60}},"line":91},"9":{"name":"(anonymous_9)","decl":{"start":{"line":102,"column":26},"end":{"line":102,"column":27}},"loc":{"start":{"line":102,"column":33},"end":{"line":102,"column":60}},"line":102}},"branchMap":{"0":{"loc":{"start":{"line":33,"column":4},"end":{"line":52,"column":5}},"type":"if","locations":[{"start":{"line":33,"column":4},"end":{"line":52,"column":5}},{"start":{},"end":{}}],"line":33},"1":{"loc":{"start":{"line":38,"column":15},"end":{"line":38,"column":65}},"type":"binary-expr","locations":[{"start":{"line":38,"column":15},"end":{"line":38,"column":38}},{"start":{"line":38,"column":42},"end":{"line":38,"column":65}}],"line":38},"2":{"loc":{"start":{"line":43,"column":6},"end":{"line":51,"column":7}},"type":"if","locations":[{"start":{"line":43,"column":6},"end":{"line":51,"column":7}},{"start":{"line":48,"column":13},"end":{"line":51,"column":7}}],"line":43},"3":{"loc":{"start":{"line":57,"column":4},"end":{"line":60,"column":5}},"type":"if","locations":[{"start":{"line":57,"column":4},"end":{"line":60,"column":5}},{"start":{},"end":{}}],"line":57},"4":{"loc":{"start":{"line":57,"column":8},"end":{"line":57,"column":44}},"type":"binary-expr","locations":[{"start":{"line":57,"column":8},"end":{"line":57,"column":23}},{"start":{"line":57,"column":27},"end":{"line":57,"column":44}}],"line":57},"5":{"loc":{"start":{"line":61,"column":4},"end":{"line":64,"column":5}},"type":"if","locations":[{"start":{"line":61,"column":4},"end":{"line":64,"column":5}},{"start":{},"end":{}}],"line":61},"6":{"loc":{"start":{"line":61,"column":8},"end":{"line":61,"column":44}},"type":"binary-expr","locations":[{"start":{"line":61,"column":8},"end":{"line":61,"column":23}},{"start":{"line":61,"column":27},"end":{"line":61,"column":44}}],"line":61},"7":{"loc":{"start":{"line":66,"column":4},"end":{"line":69,"column":5}},"type":"if","locations":[{"start":{"line":66,"column":4},"end":{"line":69,"column":5}},{"start":{},"end":{}}],"line":66},"8":{"loc":{"start":{"line":71,"column":4},"end":{"line":74,"column":5}},"type":"if","locations":[{"start":{"line":71,"column":4},"end":{"line":74,"column":5}},{"start":{},"end":{}}],"line":71}},"s":{"0":1,"1":5,"2":4,"3":4,"4":4,"5":0,"6":0,"7":0,"8":0,"9":0,"10":0,"11":0,"12":0,"13":0,"14":0,"15":0,"16":0,"17":0,"18":0,"19":0,"20":0,"21":0,"22":0,"23":0,"24":0,"25":0,"26":0,"27":0,"28":0,"29":0,"30":0,"31":0,"32":0,"33":0,"34":0,"35":0,"36":0,"37":0,"38":0,"39":0,"40":0,"41":0,"42":0,"43":0,"44":0,"45":0,"46":0,"47":0,"48":0,"49":0,"50":0,"51":0},"f":{"0":5,"1":0,"2":0,"3":0,"4":0,"5":0,"6":0,"7":0,"8":0,"9":0},"b":{"0":[0,0],"1":[0,0],"2":[0,0],"3":[0,0],"4":[0,0],"5":[0,0],"6":[0,0],"7":[0,0],"8":[0,0]},"_coverageSchema":"1a1c01bbd47fc00a2c39e90264f33305004495a9","hash":"612dfa97fff72e60b20520a628829e99fc3e8250"}
,"C:\\Users\\894792\\first-react-app\\src\\Register.js": {"path":"C:\\Users\\894792\\first-react-app\\src\\Register.js","statementMap":{"0":{"start":{"line":11,"column":13},"end":{"line":450,"column":1}},"1":{"start":{"line":12,"column":34},"end":{"line":27,"column":4}},"2":{"start":{"line":29,"column":46},"end":{"line":34,"column":4}},"3":{"start":{"line":36,"column":42},"end":{"line":36,"column":68}},"4":{"start":{"line":38,"column":40},"end":{"line":42,"column":4}},"5":{"start":{"line":44,"column":30},"end":{"line":49,"column":4}},"6":{"start":{"line":51,"column":30},"end":{"line":51,"column":42}},"7":{"start":{"line":53,"column":19},"end":{"line":53,"column":32}},"8":{"start":{"line":54,"column":19},"end":{"line":54,"column":32}},"9":{"start":{"line":56,"column":26},"end":{"line":56,"column":71}},"10":{"start":{"line":56,"column":49},"end":{"line":56,"column":70}},"11":{"start":{"line":58,"column":2},"end":{"line":58,"column":49}},"12":{"start":{"line":60,"column":21},"end":{"line":62,"column":3}},"13":{"start":{"line":61,"column":11},"end":{"line":61,"column":43}},"14":{"start":{"line":64,"column":23},"end":{"line":66,"column":3}},"15":{"start":{"line":65,"column":11},"end":{"line":65,"column":43}},"16":{"start":{"line":68,"column":2},"end":{"line":68,"column":40}},"17":{"start":{"line":69,"column":2},"end":{"line":69,"column":44}},"18":{"start":{"line":71,"column":30},"end":{"line":94,"column":3}},"19":{"start":{"line":72,"column":28},"end":{"line":72,"column":42}},"20":{"start":{"line":74,"column":4},"end":{"line":91,"column":5}},"21":{"start":{"line":75,"column":6},"end":{"line":75,"column":74}},"22":{"start":{"line":76,"column":11},"end":{"line":91,"column":5}},"23":{"start":{"line":77,"column":6},"end":{"line":77,"column":73}},"24":{"start":{"line":78,"column":11},"end":{"line":91,"column":5}},"25":{"start":{"line":79,"column":6},"end":{"line":88,"column":9}},"26":{"start":{"line":90,"column":6},"end":{"line":90,"column":26}},"27":{"start":{"line":93,"column":4},"end":{"line":93,"column":59}},"28":{"start":{"line":95,"column":23},"end":{"line":103,"column":3}},"29":{"start":{"line":96,"column":28},"end":{"line":96,"column":36}},"30":{"start":{"line":98,"column":4},"end":{"line":102,"column":7}},"31":{"start":{"line":105,"column":23},"end":{"line":214,"column":3}},"32":{"start":{"line":106,"column":4},"end":{"line":106,"column":23}},"33":{"start":{"line":108,"column":27},"end":{"line":108,"column":29}},"34":{"start":{"line":109,"column":24},"end":{"line":109,"column":34}},"35":{"start":{"line":110,"column":4},"end":{"line":110,"column":44}},"36":{"start":{"line":112,"column":4},"end":{"line":116,"column":5}},"37":{"start":{"line":113,"column":6},"end":{"line":113,"column":47}},"38":{"start":{"line":114,"column":11},"end":{"line":116,"column":5}},"39":{"start":{"line":115,"column":6},"end":{"line":115,"column":68}},"40":{"start":{"line":117,"column":4},"end":{"line":121,"column":5}},"41":{"start":{"line":118,"column":6},"end":{"line":118,"column":65}},"42":{"start":{"line":119,"column":11},"end":{"line":121,"column":5}},"43":{"start":{"line":120,"column":6},"end":{"line":120,"column":55}},"44":{"start":{"line":122,"column":4},"end":{"line":127,"column":5}},"45":{"start":{"line":126,"column":6},"end":{"line":126,"column":72}},"46":{"start":{"line":128,"column":4},"end":{"line":130,"column":5}},"47":{"start":{"line":129,"column":6},"end":{"line":129,"column":66}},"48":{"start":{"line":131,"column":4},"end":{"line":133,"column":5}},"49":{"start":{"line":132,"column":6},"end":{"line":132,"column":57}},"50":{"start":{"line":134,"column":4},"end":{"line":136,"column":5}},"51":{"start":{"line":135,"column":6},"end":{"line":135,"column":53}},"52":{"start":{"line":137,"column":4},"end":{"line":139,"column":5}},"53":{"start":{"line":138,"column":6},"end":{"line":138,"column":58}},"54":{"start":{"line":140,"column":4},"end":{"line":142,"column":5}},"55":{"start":{"line":141,"column":6},"end":{"line":141,"column":62}},"56":{"start":{"line":144,"column":4},"end":{"line":146,"column":5}},"57":{"start":{"line":145,"column":6},"end":{"line":145,"column":55}},"58":{"start":{"line":147,"column":4},"end":{"line":151,"column":5}},"59":{"start":{"line":148,"column":6},"end":{"line":148,"column":60}},"60":{"start":{"line":149,"column":11},"end":{"line":151,"column":5}},"61":{"start":{"line":150,"column":6},"end":{"line":150,"column":64}},"62":{"start":{"line":153,"column":4},"end":{"line":155,"column":5}},"63":{"start":{"line":154,"column":6},"end":{"line":154,"column":58}},"64":{"start":{"line":156,"column":4},"end":{"line":158,"column":5}},"65":{"start":{"line":157,"column":6},"end":{"line":157,"column":56}},"66":{"start":{"line":159,"column":4},"end":{"line":163,"column":5}},"67":{"start":{"line":160,"column":6},"end":{"line":160,"column":49}},"68":{"start":{"line":161,"column":11},"end":{"line":163,"column":5}},"69":{"start":{"line":162,"column":6},"end":{"line":162,"column":61}},"70":{"start":{"line":165,"column":4},"end":{"line":169,"column":5}},"71":{"start":{"line":166,"column":6},"end":{"line":166,"column":70}},"72":{"start":{"line":167,"column":11},"end":{"line":169,"column":5}},"73":{"start":{"line":168,"column":6},"end":{"line":168,"column":79}},"74":{"start":{"line":171,"column":4},"end":{"line":171,"column":30}},"75":{"start":{"line":172,"column":4},"end":{"line":172,"column":51}},"76":{"start":{"line":173,"column":4},"end":{"line":206,"column":5}},"77":{"start":{"line":174,"column":6},"end":{"line":204,"column":11}},"78":{"start":{"line":179,"column":24},"end":{"line":179,"column":35}},"79":{"start":{"line":181,"column":10},"end":{"line":181,"column":57}},"80":{"start":{"line":182,"column":10},"end":{"line":182,"column":36}},"81":{"start":{"line":183,"column":10},"end":{"line":183,"column":41}},"82":{"start":{"line":184,"column":10},"end":{"line":184,"column":24}},"83":{"start":{"line":185,"column":10},"end":{"line":200,"column":13}},"84":{"start":{"line":203,"column":10},"end":{"line":203,"column":40}},"85":{"start":{"line":208,"column":4},"end":{"line":208,"column":45}},"86":{"start":{"line":209,"column":4},"end":{"line":209,"column":57}},"87":{"start":{"line":211,"column":4},"end":{"line":211,"column":44}},"88":{"start":{"line":212,"column":4},"end":{"line":212,"column":39}},"89":{"start":{"line":213,"column":4},"end":{"line":213,"column":51}},"90":{"start":{"line":216,"column":2},"end":{"line":449,"column":4}},"91":{"start":{"line":312,"column":14},"end":{"line":314,"column":23}},"92":{"start":{"line":332,"column":14},"end":{"line":334,"column":23}},"93":{"start":{"line":366,"column":14},"end":{"line":368,"column":23}},"94":{"start":{"line":414,"column":14},"end":{"line":416,"column":23}}},"fnMap":{"0":{"name":"(anonymous_0)","decl":{"start":{"line":11,"column":13},"end":{"line":11,"column":14}},"loc":{"start":{"line":11,"column":19},"end":{"line":450,"column":1}},"line":11},"1":{"name":"(anonymous_1)","decl":{"start":{"line":56,"column":38},"end":{"line":56,"column":39}},"loc":{"start":{"line":56,"column":49},"end":{"line":56,"column":70}},"line":56},"2":{"name":"(anonymous_2)","decl":{"start":{"line":61,"column":4},"end":{"line":61,"column":5}},"loc":{"start":{"line":61,"column":11},"end":{"line":61,"column":43}},"line":61},"3":{"name":"(anonymous_3)","decl":{"start":{"line":65,"column":4},"end":{"line":65,"column":5}},"loc":{"start":{"line":65,"column":11},"end":{"line":65,"column":43}},"line":65},"4":{"name":"(anonymous_4)","decl":{"start":{"line":71,"column":30},"end":{"line":71,"column":31}},"loc":{"start":{"line":71,"column":37},"end":{"line":94,"column":3}},"line":71},"5":{"name":"(anonymous_5)","decl":{"start":{"line":95,"column":23},"end":{"line":95,"column":24}},"loc":{"start":{"line":95,"column":30},"end":{"line":103,"column":3}},"line":95},"6":{"name":"(anonymous_6)","decl":{"start":{"line":105,"column":23},"end":{"line":105,"column":24}},"loc":{"start":{"line":105,"column":30},"end":{"line":214,"column":3}},"line":105},"7":{"name":"(anonymous_7)","decl":{"start":{"line":179,"column":14},"end":{"line":179,"column":15}},"loc":{"start":{"line":179,"column":24},"end":{"line":179,"column":35}},"line":179},"8":{"name":"(anonymous_8)","decl":{"start":{"line":180,"column":14},"end":{"line":180,"column":15}},"loc":{"start":{"line":180,"column":24},"end":{"line":201,"column":9}},"line":180},"9":{"name":"(anonymous_9)","decl":{"start":{"line":202,"column":15},"end":{"line":202,"column":16}},"loc":{"start":{"line":202,"column":26},"end":{"line":204,"column":9}},"line":202},"10":{"name":"(anonymous_10)","decl":{"start":{"line":311,"column":32},"end":{"line":311,"column":33}},"loc":{"start":{"line":312,"column":14},"end":{"line":314,"column":23}},"line":312},"11":{"name":"(anonymous_11)","decl":{"start":{"line":331,"column":30},"end":{"line":331,"column":31}},"loc":{"start":{"line":332,"column":14},"end":{"line":334,"column":23}},"line":332},"12":{"name":"(anonymous_12)","decl":{"start":{"line":365,"column":29},"end":{"line":365,"column":30}},"loc":{"start":{"line":366,"column":14},"end":{"line":368,"column":23}},"line":366},"13":{"name":"(anonymous_13)","decl":{"start":{"line":413,"column":24},"end":{"line":413,"column":25}},"loc":{"start":{"line":414,"column":14},"end":{"line":416,"column":23}},"line":414}},"branchMap":{"0":{"loc":{"start":{"line":74,"column":4},"end":{"line":91,"column":5}},"type":"if","locations":[{"start":{"line":74,"column":4},"end":{"line":91,"column":5}},{"start":{"line":76,"column":11},"end":{"line":91,"column":5}}],"line":74},"1":{"loc":{"start":{"line":76,"column":11},"end":{"line":91,"column":5}},"type":"if","locations":[{"start":{"line":76,"column":11},"end":{"line":91,"column":5}},{"start":{"line":78,"column":11},"end":{"line":91,"column":5}}],"line":76},"2":{"loc":{"start":{"line":78,"column":11},"end":{"line":91,"column":5}},"type":"if","locations":[{"start":{"line":78,"column":11},"end":{"line":91,"column":5}},{"start":{"line":89,"column":11},"end":{"line":91,"column":5}}],"line":78},"3":{"loc":{"start":{"line":112,"column":4},"end":{"line":116,"column":5}},"type":"if","locations":[{"start":{"line":112,"column":4},"end":{"line":116,"column":5}},{"start":{"line":114,"column":11},"end":{"line":116,"column":5}}],"line":112},"4":{"loc":{"start":{"line":114,"column":11},"end":{"line":116,"column":5}},"type":"if","locations":[{"start":{"line":114,"column":11},"end":{"line":116,"column":5}},{"start":{},"end":{}}],"line":114},"5":{"loc":{"start":{"line":117,"column":4},"end":{"line":121,"column":5}},"type":"if","locations":[{"start":{"line":117,"column":4},"end":{"line":121,"column":5}},{"start":{"line":119,"column":11},"end":{"line":121,"column":5}}],"line":117},"6":{"loc":{"start":{"line":119,"column":11},"end":{"line":121,"column":5}},"type":"if","locations":[{"start":{"line":119,"column":11},"end":{"line":121,"column":5}},{"start":{},"end":{}}],"line":119},"7":{"loc":{"start":{"line":122,"column":4},"end":{"line":127,"column":5}},"type":"if","locations":[{"start":{"line":122,"column":4},"end":{"line":127,"column":5}},{"start":{},"end":{}}],"line":122},"8":{"loc":{"start":{"line":123,"column":6},"end":{"line":124,"column":41}},"type":"binary-expr","locations":[{"start":{"line":123,"column":6},"end":{"line":123,"column":42}},{"start":{"line":124,"column":6},"end":{"line":124,"column":41}}],"line":123},"9":{"loc":{"start":{"line":128,"column":4},"end":{"line":130,"column":5}},"type":"if","locations":[{"start":{"line":128,"column":4},"end":{"line":130,"column":5}},{"start":{},"end":{}}],"line":128},"10":{"loc":{"start":{"line":131,"column":4},"end":{"line":133,"column":5}},"type":"if","locations":[{"start":{"line":131,"column":4},"end":{"line":133,"column":5}},{"start":{},"end":{}}],"line":131},"11":{"loc":{"start":{"line":134,"column":4},"end":{"line":136,"column":5}},"type":"if","locations":[{"start":{"line":134,"column":4},"end":{"line":136,"column":5}},{"start":{},"end":{}}],"line":134},"12":{"loc":{"start":{"line":137,"column":4},"end":{"line":139,"column":5}},"type":"if","locations":[{"start":{"line":137,"column":4},"end":{"line":139,"column":5}},{"start":{},"end":{}}],"line":137},"13":{"loc":{"start":{"line":140,"column":4},"end":{"line":142,"column":5}},"type":"if","locations":[{"start":{"line":140,"column":4},"end":{"line":142,"column":5}},{"start":{},"end":{}}],"line":140},"14":{"loc":{"start":{"line":144,"column":4},"end":{"line":146,"column":5}},"type":"if","locations":[{"start":{"line":144,"column":4},"end":{"line":146,"column":5}},{"start":{},"end":{}}],"line":144},"15":{"loc":{"start":{"line":147,"column":4},"end":{"line":151,"column":5}},"type":"if","locations":[{"start":{"line":147,"column":4},"end":{"line":151,"column":5}},{"start":{"line":149,"column":11},"end":{"line":151,"column":5}}],"line":147},"16":{"loc":{"start":{"line":149,"column":11},"end":{"line":151,"column":5}},"type":"if","locations":[{"start":{"line":149,"column":11},"end":{"line":151,"column":5}},{"start":{},"end":{}}],"line":149},"17":{"loc":{"start":{"line":153,"column":4},"end":{"line":155,"column":5}},"type":"if","locations":[{"start":{"line":153,"column":4},"end":{"line":155,"column":5}},{"start":{},"end":{}}],"line":153},"18":{"loc":{"start":{"line":156,"column":4},"end":{"line":158,"column":5}},"type":"if","locations":[{"start":{"line":156,"column":4},"end":{"line":158,"column":5}},{"start":{},"end":{}}],"line":156},"19":{"loc":{"start":{"line":159,"column":4},"end":{"line":163,"column":5}},"type":"if","locations":[{"start":{"line":159,"column":4},"end":{"line":163,"column":5}},{"start":{"line":161,"column":11},"end":{"line":163,"column":5}}],"line":159},"20":{"loc":{"start":{"line":161,"column":11},"end":{"line":163,"column":5}},"type":"if","locations":[{"start":{"line":161,"column":11},"end":{"line":163,"column":5}},{"start":{},"end":{}}],"line":161},"21":{"loc":{"start":{"line":165,"column":4},"end":{"line":169,"column":5}},"type":"if","locations":[{"start":{"line":165,"column":4},"end":{"line":169,"column":5}},{"start":{"line":167,"column":11},"end":{"line":169,"column":5}}],"line":165},"22":{"loc":{"start":{"line":167,"column":11},"end":{"line":169,"column":5}},"type":"if","locations":[{"start":{"line":167,"column":11},"end":{"line":169,"column":5}},{"start":{},"end":{}}],"line":167},"23":{"loc":{"start":{"line":173,"column":4},"end":{"line":206,"column":5}},"type":"if","locations":[{"start":{"line":173,"column":4},"end":{"line":206,"column":5}},{"start":{},"end":{}}],"line":173},"24":{"loc":{"start":{"line":234,"column":11},"end":{"line":234,"column":77}},"type":"binary-expr","locations":[{"start":{"line":234,"column":11},"end":{"line":234,"column":22}},{"start":{"line":234,"column":26},"end":{"line":234,"column":77}}],"line":234},"25":{"loc":{"start":{"line":245,"column":11},"end":{"line":247,"column":11}},"type":"binary-expr","locations":[{"start":{"line":245,"column":11},"end":{"line":245,"column":26}},{"start":{"line":246,"column":12},"end":{"line":246,"column":67}}],"line":245},"26":{"loc":{"start":{"line":258,"column":11},"end":{"line":260,"column":11}},"type":"binary-expr","locations":[{"start":{"line":258,"column":11},"end":{"line":258,"column":26}},{"start":{"line":259,"column":12},"end":{"line":259,"column":67}}],"line":258},"27":{"loc":{"start":{"line":272,"column":11},"end":{"line":272,"column":79}},"type":"binary-expr","locations":[{"start":{"line":272,"column":11},"end":{"line":272,"column":23}},{"start":{"line":272,"column":27},"end":{"line":272,"column":79}}],"line":272},"28":{"loc":{"start":{"line":283,"column":11},"end":{"line":285,"column":11}},"type":"binary-expr","locations":[{"start":{"line":283,"column":11},"end":{"line":283,"column":31}},{"start":{"line":284,"column":12},"end":{"line":284,"column":72}}],"line":283},"29":{"loc":{"start":{"line":297,"column":11},"end":{"line":299,"column":11}},"type":"binary-expr","locations":[{"start":{"line":297,"column":11},"end":{"line":297,"column":25}},{"start":{"line":298,"column":12},"end":{"line":298,"column":66}}],"line":297},"30":{"loc":{"start":{"line":317,"column":11},"end":{"line":319,"column":11}},"type":"binary-expr","locations":[{"start":{"line":317,"column":11},"end":{"line":317,"column":25}},{"start":{"line":318,"column":12},"end":{"line":318,"column":66}}],"line":317},"31":{"loc":{"start":{"line":337,"column":11},"end":{"line":337,"column":79}},"type":"binary-expr","locations":[{"start":{"line":337,"column":11},"end":{"line":337,"column":23}},{"start":{"line":337,"column":27},"end":{"line":337,"column":79}}],"line":337},"32":{"loc":{"start":{"line":350,"column":11},"end":{"line":350,"column":75}},"type":"binary-expr","locations":[{"start":{"line":350,"column":11},"end":{"line":350,"column":21}},{"start":{"line":350,"column":25},"end":{"line":350,"column":75}}],"line":350},"33":{"loc":{"start":{"line":371,"column":11},"end":{"line":373,"column":11}},"type":"binary-expr","locations":[{"start":{"line":371,"column":11},"end":{"line":371,"column":25}},{"start":{"line":372,"column":12},"end":{"line":372,"column":66}}],"line":371},"34":{"loc":{"start":{"line":385,"column":11},"end":{"line":387,"column":11}},"type":"binary-expr","locations":[{"start":{"line":385,"column":11},"end":{"line":385,"column":24}},{"start":{"line":386,"column":12},"end":{"line":386,"column":65}}],"line":385},"35":{"loc":{"start":{"line":399,"column":11},"end":{"line":401,"column":11}},"type":"binary-expr","locations":[{"start":{"line":399,"column":11},"end":{"line":399,"column":32}},{"start":{"line":400,"column":12},"end":{"line":400,"column":73}}],"line":399},"36":{"loc":{"start":{"line":419,"column":11},"end":{"line":421,"column":11}},"type":"binary-expr","locations":[{"start":{"line":419,"column":11},"end":{"line":419,"column":25}},{"start":{"line":420,"column":12},"end":{"line":420,"column":66}}],"line":419},"37":{"loc":{"start":{"line":433,"column":11},"end":{"line":435,"column":11}},"type":"binary-expr","locations":[{"start":{"line":433,"column":11},"end":{"line":433,"column":26}},{"start":{"line":434,"column":12},"end":{"line":434,"column":67}}],"line":433}},"s":{"0":1,"1":5,"2":5,"3":5,"4":5,"5":5,"6":5,"7":5,"8":5,"9":5,"10":0,"11":5,"12":5,"13":0,"14":5,"15":0,"16":5,"17":5,"18":5,"19":1,"20":1,"21":1,"22":0,"23":0,"24":0,"25":0,"26":0,"27":1,"28":5,"29":0,"30":0,"31":5,"32":1,"33":1,"34":1,"35":1,"36":1,"37":1,"38":0,"39":0,"40":1,"41":0,"42":1,"43":1,"44":1,"45":1,"46":1,"47":1,"48":1,"49":1,"50":1,"51":1,"52":1,"53":1,"54":1,"55":1,"56":1,"57":1,"58":1,"59":1,"60":0,"61":0,"62":1,"63":1,"64":1,"65":1,"66":1,"67":1,"68":0,"69":0,"70":1,"71":1,"72":0,"73":0,"74":1,"75":1,"76":1,"77":0,"78":0,"79":0,"80":0,"81":0,"82":0,"83":0,"84":0,"85":1,"86":1,"87":1,"88":1,"89":1,"90":5,"91":20,"92":8,"93":15,"94":20},"f":{"0":5,"1":0,"2":0,"3":0,"4":1,"5":0,"6":1,"7":0,"8":0,"9":0,"10":20,"11":8,"12":15,"13":20},"b":{"0":[1,0],"1":[0,0],"2":[0,0],"3":[1,0],"4":[0,0],"5":[0,1],"6":[1,0],"7":[1,0],"8":[1,0],"9":[1,0],"10":[1,0],"11":[1,0],"12":[1,0],"13":[1,0],"14":[1,0],"15":[1,0],"16":[0,0],"17":[1,0],"18":[1,0],"19":[1,0],"20":[0,0],"21":[1,0],"22":[0,0],"23":[0,1],"24":[5,1],"25":[5,1],"26":[5,1],"27":[5,1],"28":[5,1],"29":[5,1],"30":[5,1],"31":[5,1],"32":[5,1],"33":[5,1],"34":[5,1],"35":[5,1],"36":[5,1],"37":[5,1]},"_coverageSchema":"1a1c01bbd47fc00a2c39e90264f33305004495a9","hash":"1b475faa532c92a98573697df334fc25f65e3010"}
,"C:\\Users\\894792\\first-react-app\\src\\applyloan.js": {"path":"C:\\Users\\894792\\first-react-app\\src\\applyloan.js","statementMap":{"0":{"start":{"line":8,"column":18},"end":{"line":470,"column":1}},"1":{"start":{"line":9,"column":34},"end":{"line":9,"column":46}},"2":{"start":{"line":10,"column":46},"end":{"line":10,"column":58}},"3":{"start":{"line":11,"column":50},"end":{"line":13,"column":4}},"4":{"start":{"line":14,"column":38},"end":{"line":14,"column":50}},"5":{"start":{"line":16,"column":24},"end":{"line":16,"column":36}},"6":{"start":{"line":18,"column":40},"end":{"line":21,"column":4}},"7":{"start":{"line":22,"column":58},"end":{"line":28,"column":4}},"8":{"start":{"line":29,"column":50},"end":{"line":35,"column":4}},"9":{"start":{"line":36,"column":48},"end":{"line":41,"column":4}},"10":{"start":{"line":42,"column":42},"end":{"line":48,"column":4}},"11":{"start":{"line":50,"column":39},"end":{"line":50,"column":51}},"12":{"start":{"line":52,"column":31},"end":{"line":54,"column":3}},"13":{"start":{"line":53,"column":4},"end":{"line":53,"column":32}},"14":{"start":{"line":56,"column":34},"end":{"line":60,"column":3}},"15":{"start":{"line":57,"column":28},"end":{"line":57,"column":36}},"16":{"start":{"line":58,"column":4},"end":{"line":58,"column":54}},"17":{"start":{"line":62,"column":32},"end":{"line":65,"column":3}},"18":{"start":{"line":63,"column":28},"end":{"line":63,"column":36}},"19":{"start":{"line":64,"column":4},"end":{"line":64,"column":72}},"20":{"start":{"line":67,"column":32},"end":{"line":70,"column":3}},"21":{"start":{"line":68,"column":28},"end":{"line":68,"column":36}},"22":{"start":{"line":69,"column":4},"end":{"line":69,"column":64}},"23":{"start":{"line":75,"column":30},"end":{"line":81,"column":3}},"24":{"start":{"line":76,"column":4},"end":{"line":78,"column":45}},"25":{"start":{"line":77,"column":22},"end":{"line":77,"column":33}},"26":{"start":{"line":78,"column":21},"end":{"line":78,"column":43}},"27":{"start":{"line":79,"column":23},"end":{"line":79,"column":75}},"28":{"start":{"line":80,"column":4},"end":{"line":80,"column":58}},"29":{"start":{"line":82,"column":33},"end":{"line":84,"column":3}},"30":{"start":{"line":83,"column":4},"end":{"line":83,"column":46}},"31":{"start":{"line":86,"column":28},"end":{"line":88,"column":3}},"32":{"start":{"line":87,"column":15},"end":{"line":87,"column":48}},"33":{"start":{"line":89,"column":19},"end":{"line":89,"column":32}},"34":{"start":{"line":93,"column":19},"end":{"line":93,"column":42}},"35":{"start":{"line":94,"column":2},"end":{"line":94,"column":36}},"36":{"start":{"line":96,"column":2},"end":{"line":96,"column":77}},"37":{"start":{"line":98,"column":2},"end":{"line":106,"column":29}},"38":{"start":{"line":99,"column":4},"end":{"line":103,"column":5}},"39":{"start":{"line":100,"column":6},"end":{"line":100,"column":20}},"40":{"start":{"line":101,"column":11},"end":{"line":103,"column":5}},"41":{"start":{"line":102,"column":6},"end":{"line":102,"column":20}},"42":{"start":{"line":105,"column":4},"end":{"line":105,"column":26}},"43":{"start":{"line":108,"column":23},"end":{"line":213,"column":3}},"44":{"start":{"line":109,"column":4},"end":{"line":109,"column":23}},"45":{"start":{"line":110,"column":4},"end":{"line":110,"column":44}},"46":{"start":{"line":111,"column":4},"end":{"line":111,"column":40}},"47":{"start":{"line":113,"column":27},"end":{"line":113,"column":29}},"48":{"start":{"line":114,"column":24},"end":{"line":114,"column":34}},"49":{"start":{"line":115,"column":4},"end":{"line":115,"column":44}},"50":{"start":{"line":117,"column":4},"end":{"line":119,"column":5}},"51":{"start":{"line":118,"column":6},"end":{"line":118,"column":51}},"52":{"start":{"line":120,"column":4},"end":{"line":122,"column":5}},"53":{"start":{"line":121,"column":6},"end":{"line":121,"column":79}},"54":{"start":{"line":123,"column":4},"end":{"line":128,"column":5}},"55":{"start":{"line":124,"column":6},"end":{"line":124,"column":70}},"56":{"start":{"line":125,"column":11},"end":{"line":128,"column":5}},"57":{"start":{"line":126,"column":6},"end":{"line":127,"column":57}},"58":{"start":{"line":129,"column":4},"end":{"line":131,"column":5}},"59":{"start":{"line":130,"column":6},"end":{"line":130,"column":68}},"60":{"start":{"line":133,"column":4},"end":{"line":149,"column":5}},"61":{"start":{"line":134,"column":6},"end":{"line":136,"column":7}},"62":{"start":{"line":135,"column":8},"end":{"line":135,"column":54}},"63":{"start":{"line":137,"column":6},"end":{"line":139,"column":7}},"64":{"start":{"line":138,"column":8},"end":{"line":138,"column":56}},"65":{"start":{"line":140,"column":6},"end":{"line":142,"column":7}},"66":{"start":{"line":141,"column":8},"end":{"line":141,"column":56}},"67":{"start":{"line":143,"column":6},"end":{"line":145,"column":7}},"68":{"start":{"line":144,"column":8},"end":{"line":144,"column":68}},"69":{"start":{"line":146,"column":6},"end":{"line":148,"column":7}},"70":{"start":{"line":147,"column":8},"end":{"line":147,"column":66}},"71":{"start":{"line":151,"column":4},"end":{"line":168,"column":5}},"72":{"start":{"line":152,"column":6},"end":{"line":154,"column":7}},"73":{"start":{"line":153,"column":8},"end":{"line":153,"column":60}},"74":{"start":{"line":155,"column":6},"end":{"line":157,"column":7}},"75":{"start":{"line":156,"column":8},"end":{"line":156,"column":58}},"76":{"start":{"line":158,"column":6},"end":{"line":160,"column":7}},"77":{"start":{"line":159,"column":8},"end":{"line":159,"column":57}},"78":{"start":{"line":161,"column":6},"end":{"line":163,"column":7}},"79":{"start":{"line":162,"column":8},"end":{"line":162,"column":66}},"80":{"start":{"line":164,"column":6},"end":{"line":167,"column":7}},"81":{"start":{"line":165,"column":8},"end":{"line":166,"column":45}},"82":{"start":{"line":170,"column":4},"end":{"line":170,"column":35}},"83":{"start":{"line":172,"column":4},"end":{"line":172,"column":55}},"84":{"start":{"line":174,"column":4},"end":{"line":212,"column":5}},"85":{"start":{"line":175,"column":6},"end":{"line":211,"column":11}},"86":{"start":{"line":180,"column":24},"end":{"line":180,"column":35}},"87":{"start":{"line":182,"column":10},"end":{"line":182,"column":49}},"88":{"start":{"line":183,"column":10},"end":{"line":183,"column":44}},"89":{"start":{"line":184,"column":10},"end":{"line":184,"column":50}},"90":{"start":{"line":185,"column":10},"end":{"line":185,"column":59}},"91":{"start":{"line":186,"column":10},"end":{"line":186,"column":26}},"92":{"start":{"line":187,"column":10},"end":{"line":187,"column":28}},"93":{"start":{"line":188,"column":10},"end":{"line":188,"column":21}},"94":{"start":{"line":189,"column":10},"end":{"line":192,"column":13}},"95":{"start":{"line":193,"column":10},"end":{"line":199,"column":13}},"96":{"start":{"line":201,"column":10},"end":{"line":207,"column":13}},"97":{"start":{"line":210,"column":10},"end":{"line":210,"column":40}},"98":{"start":{"line":215,"column":2},"end":{"line":215,"column":76}},"99":{"start":{"line":216,"column":2},"end":{"line":216,"column":45}},"100":{"start":{"line":217,"column":2},"end":{"line":469,"column":4}},"101":{"start":{"line":236,"column":16},"end":{"line":238,"column":25}},"102":{"start":{"line":296,"column":16},"end":{"line":298,"column":25}}},"fnMap":{"0":{"name":"(anonymous_0)","decl":{"start":{"line":8,"column":18},"end":{"line":8,"column":19}},"loc":{"start":{"line":8,"column":24},"end":{"line":470,"column":1}},"line":8},"1":{"name":"(anonymous_1)","decl":{"start":{"line":52,"column":31},"end":{"line":52,"column":32}},"loc":{"start":{"line":52,"column":38},"end":{"line":54,"column":3}},"line":52},"2":{"name":"(anonymous_2)","decl":{"start":{"line":56,"column":34},"end":{"line":56,"column":35}},"loc":{"start":{"line":56,"column":41},"end":{"line":60,"column":3}},"line":56},"3":{"name":"(anonymous_3)","decl":{"start":{"line":62,"column":32},"end":{"line":62,"column":33}},"loc":{"start":{"line":62,"column":39},"end":{"line":65,"column":3}},"line":62},"4":{"name":"(anonymous_4)","decl":{"start":{"line":67,"column":32},"end":{"line":67,"column":33}},"loc":{"start":{"line":67,"column":39},"end":{"line":70,"column":3}},"line":67},"5":{"name":"(anonymous_5)","decl":{"start":{"line":75,"column":30},"end":{"line":75,"column":31}},"loc":{"start":{"line":75,"column":36},"end":{"line":81,"column":3}},"line":75},"6":{"name":"(anonymous_6)","decl":{"start":{"line":77,"column":12},"end":{"line":77,"column":13}},"loc":{"start":{"line":77,"column":22},"end":{"line":77,"column":33}},"line":77},"7":{"name":"(anonymous_7)","decl":{"start":{"line":78,"column":12},"end":{"line":78,"column":13}},"loc":{"start":{"line":78,"column":21},"end":{"line":78,"column":43}},"line":78},"8":{"name":"(anonymous_8)","decl":{"start":{"line":82,"column":33},"end":{"line":82,"column":34}},"loc":{"start":{"line":82,"column":40},"end":{"line":84,"column":3}},"line":82},"9":{"name":"(anonymous_9)","decl":{"start":{"line":87,"column":4},"end":{"line":87,"column":5}},"loc":{"start":{"line":87,"column":15},"end":{"line":87,"column":48}},"line":87},"10":{"name":"(anonymous_10)","decl":{"start":{"line":98,"column":12},"end":{"line":98,"column":13}},"loc":{"start":{"line":98,"column":18},"end":{"line":106,"column":3}},"line":98},"11":{"name":"(anonymous_11)","decl":{"start":{"line":108,"column":23},"end":{"line":108,"column":24}},"loc":{"start":{"line":108,"column":30},"end":{"line":213,"column":3}},"line":108},"12":{"name":"(anonymous_12)","decl":{"start":{"line":180,"column":14},"end":{"line":180,"column":15}},"loc":{"start":{"line":180,"column":24},"end":{"line":180,"column":35}},"line":180},"13":{"name":"(anonymous_13)","decl":{"start":{"line":181,"column":14},"end":{"line":181,"column":15}},"loc":{"start":{"line":181,"column":24},"end":{"line":208,"column":9}},"line":181},"14":{"name":"(anonymous_14)","decl":{"start":{"line":209,"column":15},"end":{"line":209,"column":16}},"loc":{"start":{"line":209,"column":26},"end":{"line":211,"column":9}},"line":209},"15":{"name":"(anonymous_15)","decl":{"start":{"line":235,"column":35},"end":{"line":235,"column":36}},"loc":{"start":{"line":236,"column":16},"end":{"line":238,"column":25}},"line":236},"16":{"name":"(anonymous_16)","decl":{"start":{"line":295,"column":32},"end":{"line":295,"column":33}},"loc":{"start":{"line":296,"column":16},"end":{"line":298,"column":25}},"line":296}},"branchMap":{"0":{"loc":{"start":{"line":99,"column":4},"end":{"line":103,"column":5}},"type":"if","locations":[{"start":{"line":99,"column":4},"end":{"line":103,"column":5}},{"start":{"line":101,"column":11},"end":{"line":103,"column":5}}],"line":99},"1":{"loc":{"start":{"line":101,"column":11},"end":{"line":103,"column":5}},"type":"if","locations":[{"start":{"line":101,"column":11},"end":{"line":103,"column":5}},{"start":{},"end":{}}],"line":101},"2":{"loc":{"start":{"line":101,"column":15},"end":{"line":101,"column":71}},"type":"binary-expr","locations":[{"start":{"line":101,"column":15},"end":{"line":101,"column":43}},{"start":{"line":101,"column":47},"end":{"line":101,"column":71}}],"line":101},"3":{"loc":{"start":{"line":117,"column":4},"end":{"line":119,"column":5}},"type":"if","locations":[{"start":{"line":117,"column":4},"end":{"line":119,"column":5}},{"start":{},"end":{}}],"line":117},"4":{"loc":{"start":{"line":120,"column":4},"end":{"line":122,"column":5}},"type":"if","locations":[{"start":{"line":120,"column":4},"end":{"line":122,"column":5}},{"start":{},"end":{}}],"line":120},"5":{"loc":{"start":{"line":123,"column":4},"end":{"line":128,"column":5}},"type":"if","locations":[{"start":{"line":123,"column":4},"end":{"line":128,"column":5}},{"start":{"line":125,"column":11},"end":{"line":128,"column":5}}],"line":123},"6":{"loc":{"start":{"line":125,"column":11},"end":{"line":128,"column":5}},"type":"if","locations":[{"start":{"line":125,"column":11},"end":{"line":128,"column":5}},{"start":{},"end":{}}],"line":125},"7":{"loc":{"start":{"line":129,"column":4},"end":{"line":131,"column":5}},"type":"if","locations":[{"start":{"line":129,"column":4},"end":{"line":131,"column":5}},{"start":{},"end":{}}],"line":129},"8":{"loc":{"start":{"line":133,"column":4},"end":{"line":149,"column":5}},"type":"if","locations":[{"start":{"line":133,"column":4},"end":{"line":149,"column":5}},{"start":{},"end":{}}],"line":133},"9":{"loc":{"start":{"line":134,"column":6},"end":{"line":136,"column":7}},"type":"if","locations":[{"start":{"line":134,"column":6},"end":{"line":136,"column":7}},{"start":{},"end":{}}],"line":134},"10":{"loc":{"start":{"line":137,"column":6},"end":{"line":139,"column":7}},"type":"if","locations":[{"start":{"line":137,"column":6},"end":{"line":139,"column":7}},{"start":{},"end":{}}],"line":137},"11":{"loc":{"start":{"line":140,"column":6},"end":{"line":142,"column":7}},"type":"if","locations":[{"start":{"line":140,"column":6},"end":{"line":142,"column":7}},{"start":{},"end":{}}],"line":140},"12":{"loc":{"start":{"line":143,"column":6},"end":{"line":145,"column":7}},"type":"if","locations":[{"start":{"line":143,"column":6},"end":{"line":145,"column":7}},{"start":{},"end":{}}],"line":143},"13":{"loc":{"start":{"line":146,"column":6},"end":{"line":148,"column":7}},"type":"if","locations":[{"start":{"line":146,"column":6},"end":{"line":148,"column":7}},{"start":{},"end":{}}],"line":146},"14":{"loc":{"start":{"line":151,"column":4},"end":{"line":168,"column":5}},"type":"if","locations":[{"start":{"line":151,"column":4},"end":{"line":168,"column":5}},{"start":{},"end":{}}],"line":151},"15":{"loc":{"start":{"line":151,"column":8},"end":{"line":151,"column":64}},"type":"binary-expr","locations":[{"start":{"line":151,"column":8},"end":{"line":151,"column":36}},{"start":{"line":151,"column":40},"end":{"line":151,"column":64}}],"line":151},"16":{"loc":{"start":{"line":152,"column":6},"end":{"line":154,"column":7}},"type":"if","locations":[{"start":{"line":152,"column":6},"end":{"line":154,"column":7}},{"start":{},"end":{}}],"line":152},"17":{"loc":{"start":{"line":155,"column":6},"end":{"line":157,"column":7}},"type":"if","locations":[{"start":{"line":155,"column":6},"end":{"line":157,"column":7}},{"start":{},"end":{}}],"line":155},"18":{"loc":{"start":{"line":158,"column":6},"end":{"line":160,"column":7}},"type":"if","locations":[{"start":{"line":158,"column":6},"end":{"line":160,"column":7}},{"start":{},"end":{}}],"line":158},"19":{"loc":{"start":{"line":161,"column":6},"end":{"line":163,"column":7}},"type":"if","locations":[{"start":{"line":161,"column":6},"end":{"line":163,"column":7}},{"start":{},"end":{}}],"line":161},"20":{"loc":{"start":{"line":164,"column":6},"end":{"line":167,"column":7}},"type":"if","locations":[{"start":{"line":164,"column":6},"end":{"line":167,"column":7}},{"start":{},"end":{}}],"line":164},"21":{"loc":{"start":{"line":174,"column":4},"end":{"line":212,"column":5}},"type":"if","locations":[{"start":{"line":174,"column":4},"end":{"line":212,"column":5}},{"start":{},"end":{}}],"line":174},"22":{"loc":{"start":{"line":241,"column":13},"end":{"line":243,"column":13}},"type":"binary-expr","locations":[{"start":{"line":241,"column":13},"end":{"line":241,"column":32}},{"start":{"line":242,"column":14},"end":{"line":242,"column":73}}],"line":241},"23":{"loc":{"start":{"line":255,"column":13},"end":{"line":257,"column":13}},"type":"binary-expr","locations":[{"start":{"line":255,"column":13},"end":{"line":255,"column":34}},{"start":{"line":256,"column":14},"end":{"line":256,"column":75}}],"line":255},"24":{"loc":{"start":{"line":270,"column":13},"end":{"line":272,"column":13}},"type":"binary-expr","locations":[{"start":{"line":270,"column":13},"end":{"line":270,"column":39}},{"start":{"line":271,"column":14},"end":{"line":271,"column":80}}],"line":270},"25":{"loc":{"start":{"line":301,"column":13},"end":{"line":303,"column":13}},"type":"binary-expr","locations":[{"start":{"line":301,"column":13},"end":{"line":301,"column":36}},{"start":{"line":302,"column":14},"end":{"line":302,"column":77}}],"line":301},"26":{"loc":{"start":{"line":306,"column":11},"end":{"line":381,"column":11}},"type":"binary-expr","locations":[{"start":{"line":306,"column":11},"end":{"line":306,"column":40}},{"start":{"line":307,"column":12},"end":{"line":380,"column":18}}],"line":306},"27":{"loc":{"start":{"line":320,"column":17},"end":{"line":322,"column":17}},"type":"binary-expr","locations":[{"start":{"line":320,"column":17},"end":{"line":320,"column":37}},{"start":{"line":321,"column":18},"end":{"line":321,"column":78}}],"line":320},"28":{"loc":{"start":{"line":333,"column":17},"end":{"line":335,"column":17}},"type":"binary-expr","locations":[{"start":{"line":333,"column":17},"end":{"line":333,"column":38}},{"start":{"line":334,"column":18},"end":{"line":334,"column":79}}],"line":333},"29":{"loc":{"start":{"line":346,"column":17},"end":{"line":348,"column":17}},"type":"binary-expr","locations":[{"start":{"line":346,"column":17},"end":{"line":346,"column":38}},{"start":{"line":347,"column":18},"end":{"line":347,"column":79}}],"line":346},"30":{"loc":{"start":{"line":359,"column":17},"end":{"line":363,"column":17}},"type":"binary-expr","locations":[{"start":{"line":359,"column":17},"end":{"line":359,"column":44}},{"start":{"line":360,"column":18},"end":{"line":362,"column":25}}],"line":359},"31":{"loc":{"start":{"line":374,"column":17},"end":{"line":378,"column":17}},"type":"binary-expr","locations":[{"start":{"line":374,"column":17},"end":{"line":374,"column":46}},{"start":{"line":375,"column":18},"end":{"line":377,"column":25}}],"line":374},"32":{"loc":{"start":{"line":382,"column":11},"end":{"line":456,"column":11}},"type":"binary-expr","locations":[{"start":{"line":382,"column":12},"end":{"line":382,"column":40}},{"start":{"line":382,"column":44},"end":{"line":382,"column":68}},{"start":{"line":383,"column":12},"end":{"line":455,"column":18}}],"line":382},"33":{"loc":{"start":{"line":393,"column":17},"end":{"line":397,"column":17}},"type":"binary-expr","locations":[{"start":{"line":393,"column":17},"end":{"line":393,"column":40}},{"start":{"line":394,"column":18},"end":{"line":396,"column":25}}],"line":393},"34":{"loc":{"start":{"line":408,"column":17},"end":{"line":410,"column":17}},"type":"binary-expr","locations":[{"start":{"line":408,"column":17},"end":{"line":408,"column":39}},{"start":{"line":409,"column":18},"end":{"line":409,"column":80}}],"line":408},"35":{"loc":{"start":{"line":421,"column":17},"end":{"line":423,"column":17}},"type":"binary-expr","locations":[{"start":{"line":421,"column":17},"end":{"line":421,"column":39}},{"start":{"line":422,"column":18},"end":{"line":422,"column":80}}],"line":421},"36":{"loc":{"start":{"line":434,"column":17},"end":{"line":438,"column":17}},"type":"binary-expr","locations":[{"start":{"line":434,"column":17},"end":{"line":434,"column":43}},{"start":{"line":435,"column":18},"end":{"line":437,"column":25}}],"line":434},"37":{"loc":{"start":{"line":449,"column":17},"end":{"line":453,"column":17}},"type":"binary-expr","locations":[{"start":{"line":449,"column":17},"end":{"line":449,"column":52}},{"start":{"line":450,"column":18},"end":{"line":452,"column":25}}],"line":449}},"s":{"0":3,"1":10,"2":9,"3":9,"4":9,"5":9,"6":9,"7":9,"8":9,"9":9,"10":9,"11":9,"12":9,"13":1,"14":9,"15":0,"16":0,"17":9,"18":0,"19":0,"20":9,"21":0,"22":0,"23":9,"24":4,"25":0,"26":0,"27":4,"28":4,"29":9,"30":0,"31":9,"32":0,"33":9,"34":9,"35":9,"36":9,"37":9,"38":4,"39":1,"40":3,"41":0,"42":4,"43":9,"44":1,"45":1,"46":1,"47":1,"48":1,"49":1,"50":1,"51":1,"52":1,"53":1,"54":1,"55":1,"56":0,"57":0,"58":1,"59":1,"60":1,"61":0,"62":0,"63":0,"64":0,"65":0,"66":0,"67":0,"68":0,"69":0,"70":0,"71":1,"72":0,"73":0,"74":0,"75":0,"76":0,"77":0,"78":0,"79":0,"80":0,"81":0,"82":1,"83":1,"84":1,"85":0,"86":0,"87":0,"88":0,"89":0,"90":0,"91":0,"92":0,"93":0,"94":0,"95":0,"96":0,"97":0,"98":9,"99":9,"100":9,"101":36,"102":45},"f":{"0":10,"1":1,"2":0,"3":0,"4":0,"5":4,"6":0,"7":0,"8":0,"9":0,"10":4,"11":1,"12":0,"13":0,"14":0,"15":36,"16":45},"b":{"0":[1,3],"1":[0,3],"2":[3,3],"3":[1,0],"4":[1,0],"5":[1,0],"6":[0,0],"7":[1,0],"8":[0,1],"9":[0,0],"10":[0,0],"11":[0,0],"12":[0,0],"13":[0,0],"14":[0,1],"15":[1,1],"16":[0,0],"17":[0,0],"18":[0,0],"19":[0,0],"20":[0,0],"21":[0,1],"22":[9,1],"23":[9,1],"24":[9,1],"25":[9,1],"26":[9,2],"27":[2,0],"28":[2,0],"29":[2,0],"30":[2,0],"31":[2,0],"32":[9,9,0],"33":[0,0],"34":[0,0],"35":[0,0],"36":[0,0],"37":[0,0]},"_coverageSchema":"1a1c01bbd47fc00a2c39e90264f33305004495a9","hash":"e25a73c6151511551558f058222dceeaf3204297"}
,"C:\\Users\\894792\\first-react-app\\src\\index.js": {"path":"C:\\Users\\894792\\first-react-app\\src\\index.js","statementMap":{"0":{"start":{"line":12,"column":13},"end":{"line":12,"column":65}},"1":{"start":{"line":13,"column":0},"end":{"line":21,"column":2}},"2":{"start":{"line":26,"column":0},"end":{"line":26,"column":18}}},"fnMap":{},"branchMap":{},"s":{"0":0,"1":0,"2":0},"f":{},"b":{}}
,"C:\\Users\\894792\\first-react-app\\src\\reportWebVitals.js": {"path":"C:\\Users\\894792\\first-react-app\\src\\reportWebVitals.js","statementMap":{"0":{"start":{"line":1,"column":24},"end":{"line":11,"column":1}},"1":{"start":{"line":2,"column":2},"end":{"line":10,"column":3}},"2":{"start":{"line":3,"column":4},"end":{"line":9,"column":7}},"3":{"start":{"line":4,"column":6},"end":{"line":4,"column":26}},"4":{"start":{"line":5,"column":6},"end":{"line":5,"column":26}},"5":{"start":{"line":6,"column":6},"end":{"line":6,"column":26}},"6":{"start":{"line":7,"column":6},"end":{"line":7,"column":26}},"7":{"start":{"line":8,"column":6},"end":{"line":8,"column":27}}},"fnMap":{"0":{"name":"(anonymous_0)","decl":{"start":{"line":1,"column":24},"end":{"line":1,"column":25}},"loc":{"start":{"line":1,"column":39},"end":{"line":11,"column":1}},"line":1},"1":{"name":"(anonymous_1)","decl":{"start":{"line":3,"column":30},"end":{"line":3,"column":31}},"loc":{"start":{"line":3,"column":79},"end":{"line":9,"column":5}},"line":3}},"branchMap":{"0":{"loc":{"start":{"line":2,"column":2},"end":{"line":10,"column":3}},"type":"if","locations":[{"start":{"line":2,"column":2},"end":{"line":10,"column":3}},{"start":{},"end":{}}],"line":2},"1":{"loc":{"start":{"line":2,"column":6},"end":{"line":2,"column":52}},"type":"binary-expr","locations":[{"start":{"line":2,"column":6},"end":{"line":2,"column":17}},{"start":{"line":2,"column":21},"end":{"line":2,"column":52}}],"line":2}},"s":{"0":0,"1":0,"2":0,"3":0,"4":0,"5":0,"6":0,"7":0},"f":{"0":0,"1":0},"b":{"0":[0,0],"1":[0,0]}}
,"C:\\Users\\894792\\first-react-app\\src\\sweet-alert.js": {"path":"C:\\Users\\894792\\first-react-app\\src\\sweet-alert.js","statementMap":{"0":{"start":{"line":4,"column":2},"end":{"line":11,"column":5}}},"fnMap":{"0":{"name":"toast","decl":{"start":{"line":3,"column":22},"end":{"line":3,"column":27}},"loc":{"start":{"line":3,"column":39},"end":{"line":12,"column":1}},"line":3}},"branchMap":{},"s":{"0":0},"f":{"0":0},"b":{},"_coverageSchema":"1a1c01bbd47fc00a2c39e90264f33305004495a9","hash":"fb20039381c813fe5383eb6e691d04486121ebad"}
,"C:\\Users\\894792\\first-react-app\\src\\store\\index.js": {"path":"C:\\Users\\894792\\first-react-app\\src\\store\\index.js","statementMap":{"0":{"start":{"line":18,"column":20},"end":{"line":21,"column":2}},"1":{"start":{"line":23,"column":22},"end":{"line":29,"column":1}},"2":{"start":{"line":31,"column":26},"end":{"line":31,"column":68}},"3":{"start":{"line":33,"column":14},"end":{"line":41,"column":2}},"4":{"start":{"line":36,"column":4},"end":{"line":40,"column":6}},"5":{"start":{"line":43,"column":18},"end":{"line":43,"column":37}}},"fnMap":{"0":{"name":"(anonymous_0)","decl":{"start":{"line":35,"column":14},"end":{"line":35,"column":15}},"loc":{"start":{"line":36,"column":4},"end":{"line":40,"column":6}},"line":36}},"branchMap":{},"s":{"0":1,"1":1,"2":1,"3":1,"4":1,"5":1},"f":{"0":1},"b":{},"_coverageSchema":"1a1c01bbd47fc00a2c39e90264f33305004495a9","hash":"a35e37082c71452b282cf3a3f22c9be37bee67d1"}
,"C:\\Users\\894792\\first-react-app\\src\\store\\users\\active-user-slice.js": {"path":"C:\\Users\\894792\\first-react-app\\src\\store\\users\\active-user-slice.js","statementMap":{"0":{"start":{"line":1,"column":24},"end":{"line":1,"column":51}},"1":{"start":{"line":3,"column":31},"end":{"line":22,"column":2}},"2":{"start":{"line":10,"column":6},"end":{"line":10,"column":55}},"3":{"start":{"line":13,"column":28},"end":{"line":15,"column":7}},"4":{"start":{"line":14,"column":18},"end":{"line":14,"column":47}},"5":{"start":{"line":16,"column":6},"end":{"line":16,"column":63}},"6":{"start":{"line":19,"column":6},"end":{"line":19,"column":36}},"7":{"start":{"line":24,"column":33},"end":{"line":24,"column":56}},"8":{"start":{"line":30,"column":4},"end":{"line":30,"column":27}}},"fnMap":{"0":{"name":"(anonymous_0)","decl":{"start":{"line":9,"column":26},"end":{"line":9,"column":27}},"loc":{"start":{"line":9,"column":52},"end":{"line":11,"column":5}},"line":9},"1":{"name":"(anonymous_1)","decl":{"start":{"line":12,"column":29},"end":{"line":12,"column":30}},"loc":{"start":{"line":12,"column":55},"end":{"line":17,"column":5}},"line":12},"2":{"name":"(anonymous_2)","decl":{"start":{"line":14,"column":8},"end":{"line":14,"column":9}},"loc":{"start":{"line":14,"column":18},"end":{"line":14,"column":47}},"line":14},"3":{"name":"(anonymous_3)","decl":{"start":{"line":18,"column":28},"end":{"line":18,"column":29}},"loc":{"start":{"line":18,"column":46},"end":{"line":20,"column":5}},"line":18}},"branchMap":{},"s":{"0":4,"1":4,"2":0,"3":0,"4":0,"5":0,"6":0,"7":4,"8":4},"f":{"0":0,"1":0,"2":0,"3":0},"b":{},"_coverageSchema":"1a1c01bbd47fc00a2c39e90264f33305004495a9","hash":"d790d642efda30fe6fa90b946bf082b0717cdca4"}
,"C:\\Users\\894792\\first-react-app\\src\\store\\users\\users-slice.js": {"path":"C:\\Users\\894792\\first-react-app\\src\\store\\users\\users-slice.js","statementMap":{"0":{"start":{"line":1,"column":24},"end":{"line":1,"column":51}},"1":{"start":{"line":3,"column":25},"end":{"line":19,"column":2}},"2":{"start":{"line":10,"column":6},"end":{"line":10,"column":46}},"3":{"start":{"line":13,"column":28},"end":{"line":15,"column":7}},"4":{"start":{"line":14,"column":19},"end":{"line":14,"column":49}},"5":{"start":{"line":16,"column":6},"end":{"line":16,"column":57}},"6":{"start":{"line":21,"column":27},"end":{"line":21,"column":44}},"7":{"start":{"line":22,"column":53},"end":{"line":22,"column":70}}},"fnMap":{"0":{"name":"(anonymous_0)","decl":{"start":{"line":9,"column":20},"end":{"line":9,"column":21}},"loc":{"start":{"line":9,"column":46},"end":{"line":11,"column":5}},"line":9},"1":{"name":"(anonymous_1)","decl":{"start":{"line":12,"column":23},"end":{"line":12,"column":24}},"loc":{"start":{"line":12,"column":49},"end":{"line":17,"column":5}},"line":12},"2":{"name":"(anonymous_2)","decl":{"start":{"line":14,"column":8},"end":{"line":14,"column":9}},"loc":{"start":{"line":14,"column":19},"end":{"line":14,"column":49}},"line":14}},"branchMap":{},"s":{"0":5,"1":5,"2":0,"3":0,"4":0,"5":0,"6":5,"7":5},"f":{"0":0,"1":0,"2":0},"b":{},"_coverageSchema":"1a1c01bbd47fc00a2c39e90264f33305004495a9","hash":"b94847e5270ddb9a1615d577f9a235d4501d63fd"}
}
