TN:
SF:src\App.js
FN:9,App
FNF:1
FNH:0
FNDA:0,App
DA:10,0
LF:1
LH:0
BRF:0
BRH:0
end_of_record
TN:
SF:src\Deposit.js
FN:9,(anonymous_0)
FN:19,(anonymous_1)
FN:50,(anonymous_2)
FN:52,(anonymous_3)
FN:53,(anonymous_4)
FN:62,(anonymous_5)
FN:66,(anonymous_6)
FN:71,(anonymous_7)
FN:98,(anonymous_8)
FN:99,(anonymous_9)
FN:105,(anonymous_10)
FN:125,(anonymous_11)
FN:129,(anonymous_12)
FNF:13
FNH:5
FNDA:5,(anonymous_0)
FNDA:0,(anonymous_1)
FNDA:2,(anonymous_2)
FNDA:0,(anonymous_3)
FNDA:0,(anonymous_4)
FNDA:0,(anonymous_5)
FNDA:2,(anonymous_6)
FNDA:1,(anonymous_7)
FNDA:0,(anonymous_8)
FNDA:0,(anonymous_9)
FNDA:0,(anonymous_10)
FNDA:0,(anonymous_11)
FNDA:15,(anonymous_12)
DA:9,3
DA:10,5
DA:11,5
DA:12,5
DA:18,5
DA:19,0
DA:25,5
DA:29,5
DA:30,5
DA:32,5
DA:34,5
DA:35,5
DA:37,5
DA:50,5
DA:51,2
DA:52,0
DA:53,0
DA:55,2
DA:56,2
DA:57,2
DA:60,5
DA:62,5
DA:63,0
DA:66,5
DA:67,2
DA:70,5
DA:71,5
DA:72,1
DA:74,1
DA:76,1
DA:77,1
DA:78,0
DA:79,0
DA:82,1
DA:83,1
DA:86,1
DA:91,1
DA:92,0
DA:98,0
DA:100,0
DA:101,0
DA:102,0
DA:103,0
DA:106,0
DA:108,0
DA:109,0
DA:113,5
DA:126,0
DA:130,15
LF:49
LH:33
BRDA:76,0,0,1
BRDA:76,0,1,0
BRDA:78,1,0,0
BRDA:78,1,1,0
BRDA:82,2,0,1
BRDA:82,2,1,0
BRDA:91,3,0,0
BRDA:91,3,1,1
BRDA:135,4,0,5
BRDA:135,4,1,1
BRDA:150,5,0,5
BRDA:150,5,1,1
BRF:12
BRH:7
end_of_record
TN:
SF:src\Home.js
FN:10,(anonymous_0)
FN:13,(anonymous_1)
FN:15,(anonymous_2)
FNF:3
FNH:2
FNDA:18,(anonymous_0)
FNDA:0,(anonymous_1)
FNDA:7,(anonymous_2)
DA:10,3
DA:11,18
DA:13,18
DA:15,18
DA:16,7
DA:17,7
DA:18,7
DA:21,18
DA:23,18
LF:9
LH:9
BRDA:17,0,0,7
BRDA:17,0,1,0
BRDA:17,1,0,7
BRDA:17,1,1,7
BRDA:25,2,0,18
BRDA:25,2,1,18
BRF:6
BRH:5
end_of_record
TN:
SF:src\Login.js
FN:14,(anonymous_0)
FN:22,(anonymous_1)
FN:27,(anonymous_2)
FN:31,(anonymous_3)
FN:38,(anonymous_4)
FN:55,(anonymous_5)
FN:65,(anonymous_6)
FN:70,(anonymous_7)
FN:91,(anonymous_8)
FN:102,(anonymous_9)
FNF:10
FNH:1
FNDA:5,(anonymous_0)
FNDA:0,(anonymous_1)
FNDA:0,(anonymous_2)
FNDA:0,(anonymous_3)
FNDA:0,(anonymous_4)
FNDA:0,(anonymous_5)
FNDA:0,(anonymous_6)
FNDA:0,(anonymous_7)
FNDA:0,(anonymous_8)
FNDA:0,(anonymous_9)
DA:14,1
DA:15,5
DA:16,4
DA:17,4
DA:19,4
DA:20,0
DA:22,0
DA:23,0
DA:24,0
DA:25,0
DA:27,0
DA:28,0
DA:29,0
DA:30,0
DA:31,0
DA:32,0
DA:33,0
DA:37,0
DA:38,0
DA:40,0
DA:41,0
DA:42,0
DA:43,0
DA:44,0
DA:45,0
DA:46,0
DA:47,0
DA:49,0
DA:50,0
DA:55,0
DA:56,0
DA:57,0
DA:58,0
DA:59,0
DA:61,0
DA:62,0
DA:63,0
DA:65,0
DA:66,0
DA:67,0
DA:68,0
DA:70,0
DA:71,0
DA:72,0
DA:73,0
DA:75,0
DA:77,0
DA:91,0
DA:102,0
LF:49
LH:5
BRDA:33,0,0,0
BRDA:33,0,1,0
BRDA:38,1,0,0
BRDA:38,1,1,0
BRDA:43,2,0,0
BRDA:43,2,1,0
BRDA:57,3,0,0
BRDA:57,3,1,0
BRDA:57,4,0,0
BRDA:57,4,1,0
BRDA:61,5,0,0
BRDA:61,5,1,0
BRDA:61,6,0,0
BRDA:61,6,1,0
BRDA:66,7,0,0
BRDA:66,7,1,0
BRDA:71,8,0,0
BRDA:71,8,1,0
BRF:18
BRH:0
end_of_record
TN:
SF:src\Register.js
FN:11,(anonymous_0)
FN:56,(anonymous_1)
FN:61,(anonymous_2)
FN:65,(anonymous_3)
FN:71,(anonymous_4)
FN:95,(anonymous_5)
FN:105,(anonymous_6)
FN:179,(anonymous_7)
FN:180,(anonymous_8)
FN:202,(anonymous_9)
FN:311,(anonymous_10)
FN:331,(anonymous_11)
FN:365,(anonymous_12)
FN:413,(anonymous_13)
FNF:14
FNH:7
FNDA:5,(anonymous_0)
FNDA:0,(anonymous_1)
FNDA:0,(anonymous_2)
FNDA:0,(anonymous_3)
FNDA:1,(anonymous_4)
FNDA:0,(anonymous_5)
FNDA:1,(anonymous_6)
FNDA:0,(anonymous_7)
FNDA:0,(anonymous_8)
FNDA:0,(anonymous_9)
FNDA:20,(anonymous_10)
FNDA:8,(anonymous_11)
FNDA:15,(anonymous_12)
FNDA:20,(anonymous_13)
DA:11,1
DA:12,5
DA:29,5
DA:36,5
DA:38,5
DA:44,5
DA:51,5
DA:53,5
DA:54,5
DA:56,5
DA:58,5
DA:60,5
DA:61,0
DA:64,5
DA:65,0
DA:68,5
DA:69,5
DA:71,5
DA:72,1
DA:74,1
DA:75,1
DA:76,0
DA:77,0
DA:78,0
DA:79,0
DA:90,0
DA:93,1
DA:95,5
DA:96,0
DA:98,0
DA:105,5
DA:106,1
DA:108,1
DA:109,1
DA:110,1
DA:112,1
DA:113,1
DA:114,0
DA:115,0
DA:117,1
DA:118,0
DA:119,1
DA:120,1
DA:122,1
DA:126,1
DA:128,1
DA:129,1
DA:131,1
DA:132,1
DA:134,1
DA:135,1
DA:137,1
DA:138,1
DA:140,1
DA:141,1
DA:144,1
DA:145,1
DA:147,1
DA:148,1
DA:149,0
DA:150,0
DA:153,1
DA:154,1
DA:156,1
DA:157,1
DA:159,1
DA:160,1
DA:161,0
DA:162,0
DA:165,1
DA:166,1
DA:167,0
DA:168,0
DA:171,1
DA:172,1
DA:173,1
DA:174,0
DA:179,0
DA:181,0
DA:182,0
DA:183,0
DA:184,0
DA:185,0
DA:203,0
DA:208,1
DA:209,1
DA:211,1
DA:212,1
DA:213,1
DA:216,5
DA:312,20
DA:332,8
DA:366,15
DA:414,20
LF:94
LH:68
BRDA:74,0,0,1
BRDA:74,0,1,0
BRDA:76,1,0,0
BRDA:76,1,1,0
BRDA:78,2,0,0
BRDA:78,2,1,0
BRDA:112,3,0,1
BRDA:112,3,1,0
BRDA:114,4,0,0
BRDA:114,4,1,0
BRDA:117,5,0,0
BRDA:117,5,1,1
BRDA:119,6,0,1
BRDA:119,6,1,0
BRDA:122,7,0,1
BRDA:122,7,1,0
BRDA:123,8,0,1
BRDA:123,8,1,0
BRDA:128,9,0,1
BRDA:128,9,1,0
BRDA:131,10,0,1
BRDA:131,10,1,0
BRDA:134,11,0,1
BRDA:134,11,1,0
BRDA:137,12,0,1
BRDA:137,12,1,0
BRDA:140,13,0,1
BRDA:140,13,1,0
BRDA:144,14,0,1
BRDA:144,14,1,0
BRDA:147,15,0,1
BRDA:147,15,1,0
BRDA:149,16,0,0
BRDA:149,16,1,0
BRDA:153,17,0,1
BRDA:153,17,1,0
BRDA:156,18,0,1
BRDA:156,18,1,0
BRDA:159,19,0,1
BRDA:159,19,1,0
BRDA:161,20,0,0
BRDA:161,20,1,0
BRDA:165,21,0,1
BRDA:165,21,1,0
BRDA:167,22,0,0
BRDA:167,22,1,0
BRDA:173,23,0,0
BRDA:173,23,1,1
BRDA:234,24,0,5
BRDA:234,24,1,1
BRDA:245,25,0,5
BRDA:245,25,1,1
BRDA:258,26,0,5
BRDA:258,26,1,1
BRDA:272,27,0,5
BRDA:272,27,1,1
BRDA:283,28,0,5
BRDA:283,28,1,1
BRDA:297,29,0,5
BRDA:297,29,1,1
BRDA:317,30,0,5
BRDA:317,30,1,1
BRDA:337,31,0,5
BRDA:337,31,1,1
BRDA:350,32,0,5
BRDA:350,32,1,1
BRDA:371,33,0,5
BRDA:371,33,1,1
BRDA:385,34,0,5
BRDA:385,34,1,1
BRDA:399,35,0,5
BRDA:399,35,1,1
BRDA:419,36,0,5
BRDA:419,36,1,1
BRDA:433,37,0,5
BRDA:433,37,1,1
BRF:76
BRH:46
end_of_record
TN:
SF:src\applyloan.js
FN:8,(anonymous_0)
FN:52,(anonymous_1)
FN:56,(anonymous_2)
FN:62,(anonymous_3)
FN:67,(anonymous_4)
FN:75,(anonymous_5)
FN:77,(anonymous_6)
FN:78,(anonymous_7)
FN:82,(anonymous_8)
FN:87,(anonymous_9)
FN:98,(anonymous_10)
FN:108,(anonymous_11)
FN:180,(anonymous_12)
FN:181,(anonymous_13)
FN:209,(anonymous_14)
FN:235,(anonymous_15)
FN:295,(anonymous_16)
FNF:17
FNH:7
FNDA:10,(anonymous_0)
FNDA:1,(anonymous_1)
FNDA:0,(anonymous_2)
FNDA:0,(anonymous_3)
FNDA:0,(anonymous_4)
FNDA:4,(anonymous_5)
FNDA:0,(anonymous_6)
FNDA:0,(anonymous_7)
FNDA:0,(anonymous_8)
FNDA:0,(anonymous_9)
FNDA:4,(anonymous_10)
FNDA:1,(anonymous_11)
FNDA:0,(anonymous_12)
FNDA:0,(anonymous_13)
FNDA:0,(anonymous_14)
FNDA:36,(anonymous_15)
FNDA:45,(anonymous_16)
DA:8,3
DA:9,10
DA:10,9
DA:11,9
DA:14,9
DA:16,9
DA:18,9
DA:22,9
DA:29,9
DA:36,9
DA:42,9
DA:50,9
DA:52,9
DA:53,1
DA:56,9
DA:57,0
DA:58,0
DA:62,9
DA:63,0
DA:64,0
DA:67,9
DA:68,0
DA:69,0
DA:75,9
DA:76,4
DA:77,0
DA:78,0
DA:79,4
DA:80,4
DA:82,9
DA:83,0
DA:86,9
DA:87,0
DA:89,9
DA:93,9
DA:94,9
DA:96,9
DA:98,9
DA:99,4
DA:100,1
DA:101,3
DA:102,0
DA:105,4
DA:108,9
DA:109,1
DA:110,1
DA:111,1
DA:113,1
DA:114,1
DA:115,1
DA:117,1
DA:118,1
DA:120,1
DA:121,1
DA:123,1
DA:124,1
DA:125,0
DA:126,0
DA:129,1
DA:130,1
DA:133,1
DA:134,0
DA:135,0
DA:137,0
DA:138,0
DA:140,0
DA:141,0
DA:143,0
DA:144,0
DA:146,0
DA:147,0
DA:151,1
DA:152,0
DA:153,0
DA:155,0
DA:156,0
DA:158,0
DA:159,0
DA:161,0
DA:162,0
DA:164,0
DA:165,0
DA:170,1
DA:172,1
DA:174,1
DA:175,0
DA:180,0
DA:182,0
DA:183,0
DA:184,0
DA:185,0
DA:186,0
DA:187,0
DA:188,0
DA:189,0
DA:193,0
DA:201,0
DA:210,0
DA:215,9
DA:216,9
DA:217,9
DA:236,36
DA:296,45
LF:103
LH:57
BRDA:99,0,0,1
BRDA:99,0,1,3
BRDA:101,1,0,0
BRDA:101,1,1,3
BRDA:101,2,0,3
BRDA:101,2,1,3
BRDA:117,3,0,1
BRDA:117,3,1,0
BRDA:120,4,0,1
BRDA:120,4,1,0
BRDA:123,5,0,1
BRDA:123,5,1,0
BRDA:125,6,0,0
BRDA:125,6,1,0
BRDA:129,7,0,1
BRDA:129,7,1,0
BRDA:133,8,0,0
BRDA:133,8,1,1
BRDA:134,9,0,0
BRDA:134,9,1,0
BRDA:137,10,0,0
BRDA:137,10,1,0
BRDA:140,11,0,0
BRDA:140,11,1,0
BRDA:143,12,0,0
BRDA:143,12,1,0
BRDA:146,13,0,0
BRDA:146,13,1,0
BRDA:151,14,0,0
BRDA:151,14,1,1
BRDA:151,15,0,1
BRDA:151,15,1,1
BRDA:152,16,0,0
BRDA:152,16,1,0
BRDA:155,17,0,0
BRDA:155,17,1,0
BRDA:158,18,0,0
BRDA:158,18,1,0
BRDA:161,19,0,0
BRDA:161,19,1,0
BRDA:164,20,0,0
BRDA:164,20,1,0
BRDA:174,21,0,0
BRDA:174,21,1,1
BRDA:241,22,0,9
BRDA:241,22,1,1
BRDA:255,23,0,9
BRDA:255,23,1,1
BRDA:270,24,0,9
BRDA:270,24,1,1
BRDA:301,25,0,9
BRDA:301,25,1,1
BRDA:306,26,0,9
BRDA:306,26,1,2
BRDA:320,27,0,2
BRDA:320,27,1,0
BRDA:333,28,0,2
BRDA:333,28,1,0
BRDA:346,29,0,2
BRDA:346,29,1,0
BRDA:359,30,0,2
BRDA:359,30,1,0
BRDA:374,31,0,2
BRDA:374,31,1,0
BRDA:382,32,0,9
BRDA:382,32,1,9
BRDA:382,32,2,0
BRDA:393,33,0,0
BRDA:393,33,1,0
BRDA:408,34,0,0
BRDA:408,34,1,0
BRDA:421,35,0,0
BRDA:421,35,1,0
BRDA:434,36,0,0
BRDA:434,36,1,0
BRDA:449,37,0,0
BRDA:449,37,1,0
BRF:77
BRH:31
end_of_record
TN:
SF:src\index.js
FNF:0
FNH:0
DA:12,0
DA:13,0
DA:26,0
LF:3
LH:0
BRF:0
BRH:0
end_of_record
TN:
SF:src\reportWebVitals.js
FN:1,(anonymous_0)
FN:3,(anonymous_1)
FNF:2
FNH:0
FNDA:0,(anonymous_0)
FNDA:0,(anonymous_1)
DA:1,0
DA:2,0
DA:3,0
DA:4,0
DA:5,0
DA:6,0
DA:7,0
DA:8,0
LF:8
LH:0
BRDA:2,0,0,0
BRDA:2,0,1,0
BRDA:2,1,0,0
BRDA:2,1,1,0
BRF:4
BRH:0
end_of_record
TN:
SF:src\sweet-alert.js
FN:3,toast
FNF:1
FNH:0
FNDA:0,toast
DA:4,0
LF:1
LH:0
BRF:0
BRH:0
end_of_record
TN:
SF:src\store\index.js
FN:35,(anonymous_0)
FNF:1
FNH:1
FNDA:1,(anonymous_0)
DA:18,1
DA:23,1
DA:31,1
DA:33,1
DA:36,1
DA:43,1
LF:6
LH:6
BRF:0
BRH:0
end_of_record
TN:
SF:src\store\users\active-user-slice.js
FN:9,(anonymous_0)
FN:12,(anonymous_1)
FN:14,(anonymous_2)
FN:18,(anonymous_3)
FNF:4
FNH:0
FNDA:0,(anonymous_0)
FNDA:0,(anonymous_1)
FNDA:0,(anonymous_2)
FNDA:0,(anonymous_3)
DA:1,4
DA:3,4
DA:10,0
DA:13,0
DA:14,0
DA:16,0
DA:19,0
DA:24,4
DA:30,4
LF:9
LH:4
BRF:0
BRH:0
end_of_record
TN:
SF:src\store\users\users-slice.js
FN:9,(anonymous_0)
FN:12,(anonymous_1)
FN:14,(anonymous_2)
FNF:3
FNH:0
FNDA:0,(anonymous_0)
FNDA:0,(anonymous_1)
FNDA:0,(anonymous_2)
DA:1,5
DA:3,5
DA:10,0
DA:13,0
DA:14,0
DA:16,0
DA:21,5
DA:22,5
LF:8
LH:4
BRF:0
BRH:0
end_of_record
